2025-11-29 17:50:18 - root - INFO - Logging initialized - Log file: C:\Users\smart\OneDrive\Desktop\OOP-music-playlist-manager\logs\app_2025-11-29_17-50-18.log
2025-11-29 17:50:18 - __main__ - INFO - ============================================================
2025-11-29 17:50:18 - __main__ - INFO - Initializing Music Playlist Manager Application
2025-11-29 17:50:18 - __main__ - INFO - ============================================================
2025-11-29 17:50:18 - database.connection - DEBUG - Creating new DatabaseConnection instance with db_path: c:\Users\smart\OneDrive\Desktop\OOP-music-playlist-manager\music_playlist.db
2025-11-29 17:50:18 - database.connection - INFO - Database connection established to c:\Users\smart\OneDrive\Desktop\OOP-music-playlist-manager\music_playlist.db
2025-11-29 17:50:18 - __main__ - INFO - Database connection established
2025-11-29 17:50:18 - __main__ - INFO - Application initialization completed successfully
2025-11-29 17:50:18 - repositories.base_repository - DEBUG - Initialized UserRepository for entity: User
2025-11-29 17:50:18 - repositories.user_repository - DEBUG - Initialized UserRepository
2025-11-29 17:50:18 - services.user_service - DEBUG - UserService initialized
2025-11-29 17:50:18 - repositories.base_repository - DEBUG - Initialized SongRepository for entity: Song
2025-11-29 17:50:18 - repositories.song_repository - DEBUG - Initialized SongRepository
2025-11-29 17:50:18 - services.song_service - DEBUG - SongService initialized
2025-11-29 17:50:18 - repositories.base_repository - DEBUG - Initialized PlaylistRepository for entity: Playlist
2025-11-29 17:50:18 - repositories.playlist_repository - DEBUG - Initialized PlaylistRepository
2025-11-29 17:50:18 - repositories.base_repository - DEBUG - Initialized SongRepository for entity: Song
2025-11-29 17:50:18 - repositories.song_repository - DEBUG - Initialized SongRepository
2025-11-29 17:50:18 - repositories.base_repository - DEBUG - Initialized UserRepository for entity: User
2025-11-29 17:50:18 - repositories.user_repository - DEBUG - Initialized UserRepository
2025-11-29 17:50:18 - services.playlist_service - DEBUG - PlaylistService initialized
2025-11-29 17:50:18 - controllers.cli_controller - INFO - CLIController initialized
2025-11-29 17:50:24 - services.user_service - DEBUG - Getting all users
2025-11-29 17:50:24 - database.connection - DEBUG - Query executed: SELECT id, username, email FROM users ORDER BY created_at DESC with params: ()
2025-11-29 17:50:24 - repositories.user_repository - INFO - Retrieved 1 users from database
2025-11-29 17:50:50 - services.user_service - INFO - Creating user: username=huseyn
2025-11-29 17:50:50 - database.connection - DEBUG - Query executed: SELECT id, username, email FROM users WHERE username = ? with params: ('Huseyn',)
2025-11-29 17:50:50 - repositories.user_repository - DEBUG - No user found with username: Huseyn
2025-11-29 17:50:50 - database.connection - DEBUG - Query executed: SELECT id, username, email FROM users WHERE email = ? with params: ('huseyn@gmail.com',)
2025-11-29 17:50:50 - repositories.user_repository - DEBUG - No user found with email: huseyn@gmail.com
2025-11-29 17:50:50 - database.connection - DEBUG - Update executed: 
            INSERT INTO users (id, username, email)
            VALUES (?, ?, ?)
             with params: ('88f98882-a5cb-4fe2-9afe-8f14ce66f1d1', 'Huseyn', 'huseyn@gmail.com')
2025-11-29 17:50:50 - repositories.base_repository - INFO - CREATE operation on User (ID: 88f98882-a5cb-4fe2-9afe-8f14ce66f1d1)
2025-11-29 17:50:50 - repositories.user_repository - DEBUG - User created with ID: 88f98882-a5cb-4fe2-9afe-8f14ce66f1d1, Username: Huseyn
2025-11-29 17:50:50 - services.user_service - INFO - User created successfully: ID=88f98882-a5cb-4fe2-9afe-8f14ce66f1d1
2025-11-29 17:51:14 - services.user_service - DEBUG - Getting all users
2025-11-29 17:51:14 - database.connection - DEBUG - Query executed: SELECT id, username, email FROM users ORDER BY created_at DESC with params: ()
2025-11-29 17:51:14 - repositories.user_repository - INFO - Retrieved 2 users from database
2025-11-29 17:52:00 - services.song_service - DEBUG - Getting all songs
2025-11-29 17:52:00 - database.connection - DEBUG - Query executed: SELECT id, title, artist, genre, duration FROM songs ORDER BY created_at DESC with params: ()
2025-11-29 17:52:00 - repositories.song_repository - INFO - Retrieved 1 songs from database
2025-11-29 17:52:15 - services.song_service - DEBUG - Getting all songs
2025-11-29 17:52:15 - database.connection - DEBUG - Query executed: SELECT id, title, artist, genre, duration FROM songs ORDER BY created_at DESC with params: ()
2025-11-29 17:52:15 - repositories.song_repository - INFO - Retrieved 1 songs from database
2025-11-29 17:52:21 - services.song_service - INFO - Deleting song: ID=1e329276-6bdf-42c4-bdfb-4f57f4589ebb
2025-11-29 17:52:21 - services.song_service - DEBUG - Getting song by ID: 1e329276-6bdf-42c4-bdfb-4f57f4589ebb
2025-11-29 17:52:21 - database.connection - DEBUG - Query executed: SELECT id, title, artist, genre, duration FROM songs WHERE id = ? with params: ('1e329276-6bdf-42c4-bdfb-4f57f4589ebb',)
2025-11-29 17:52:21 - repositories.base_repository - INFO - READ operation on Song (ID: 1e329276-6bdf-42c4-bdfb-4f57f4589ebb)
2025-11-29 17:52:21 - database.connection - DEBUG - Query executed: SELECT COUNT(*) FROM songs WHERE id = ? with params: ('1e329276-6bdf-42c4-bdfb-4f57f4589ebb',)
2025-11-29 17:52:21 - repositories.song_repository - DEBUG - Song with ID 1e329276-6bdf-42c4-bdfb-4f57f4589ebb exists
2025-11-29 17:52:21 - database.connection - DEBUG - Update executed: DELETE FROM playlist_songs WHERE song_id = ? with params: ('1e329276-6bdf-42c4-bdfb-4f57f4589ebb',)
2025-11-29 17:52:21 - repositories.song_repository - DEBUG - Removed song 1e329276-6bdf-42c4-bdfb-4f57f4589ebb from all playlists
2025-11-29 17:52:21 - database.connection - DEBUG - Update executed: DELETE FROM songs WHERE id = ? with params: ('1e329276-6bdf-42c4-bdfb-4f57f4589ebb',)
2025-11-29 17:52:21 - repositories.base_repository - INFO - DELETE operation on Song (ID: 1e329276-6bdf-42c4-bdfb-4f57f4589ebb)
2025-11-29 17:52:21 - repositories.song_repository - INFO - Song deleted: ID=1e329276-6bdf-42c4-bdfb-4f57f4589ebb
2025-11-29 17:52:21 - services.song_service - INFO - Song deleted successfully: ID=1e329276-6bdf-42c4-bdfb-4f57f4589ebb
2025-11-29 17:56:15 - services.song_service - INFO - Creating song: title=let it happen, artist=tame impala
2025-11-29 17:56:15 - database.connection - DEBUG - Update executed: 
            INSERT INTO songs (id, title, artist, genre, duration)
            VALUES (?, ?, ?, ?, ?)
             with params: ('de0ff45c-1526-46c4-9919-d3c9c0a56496', 'Let It Happen', 'Tame Impala', 'Synth-Pop', 466)
2025-11-29 17:56:15 - repositories.base_repository - INFO - CREATE operation on Song (ID: de0ff45c-1526-46c4-9919-d3c9c0a56496)
2025-11-29 17:56:15 - repositories.song_repository - DEBUG - Song created with ID: de0ff45c-1526-46c4-9919-d3c9c0a56496, Title: Let It Happen
2025-11-29 17:56:15 - services.song_service - INFO - Song created successfully: ID=de0ff45c-1526-46c4-9919-d3c9c0a56496
2025-11-29 17:56:29 - services.song_service - DEBUG - Getting all songs
2025-11-29 17:56:29 - database.connection - DEBUG - Query executed: SELECT id, title, artist, genre, duration FROM songs ORDER BY created_at DESC with params: ()
2025-11-29 17:56:29 - repositories.song_repository - INFO - Retrieved 1 songs from database
2025-11-29 17:57:02 - services.song_service - DEBUG - Getting all songs
2025-11-29 17:57:02 - database.connection - DEBUG - Query executed: SELECT id, title, artist, genre, duration FROM songs ORDER BY created_at DESC with params: ()
2025-11-29 17:57:02 - repositories.song_repository - INFO - Retrieved 1 songs from database
2025-11-29 17:57:02 - services.song_service - DEBUG - Search for 'let' returned 1 results
