2025-11-24 12:08:59 - root - INFO - Logging initialized - Log file: logs\app_2025-11-24_12-08-59.log
2025-11-24 12:08:59 - __main__ - INFO - ============================================================
2025-11-24 12:08:59 - __main__ - INFO - Initializing Music Playlist Manager Application
2025-11-24 12:08:59 - __main__ - INFO - ============================================================
2025-11-24 12:08:59 - database.connection - DEBUG - Creating new DatabaseConnection instance with db_path: music_playlist.db
2025-11-24 12:08:59 - database.connection - INFO - Database connection established to music_playlist.db
2025-11-24 12:08:59 - __main__ - INFO - Database connection established
2025-11-24 12:08:59 - database.schema - INFO - Starting database schema initialization...
2025-11-24 12:08:59 - database.connection - INFO - Transaction completed successfully with 4 queries
2025-11-24 12:08:59 - database.schema - INFO - Database schema initialization completed successfully
2025-11-24 12:08:59 - __main__ - INFO - Database schema initialized
2025-11-24 12:08:59 - repositories.base_repository - DEBUG - Initialized SongRepository for entity: Song
2025-11-24 12:08:59 - repositories.song_repository - DEBUG - Initialized SongRepository
2025-11-24 12:08:59 - repositories.base_repository - DEBUG - Initialized UserRepository for entity: User
2025-11-24 12:08:59 - repositories.user_repository - DEBUG - Initialized UserRepository
2025-11-24 12:08:59 - repositories.base_repository - DEBUG - Initialized PlaylistRepository for entity: Playlist
2025-11-24 12:08:59 - repositories.playlist_repository - DEBUG - Initialized PlaylistRepository
2025-11-24 12:08:59 - __main__ - INFO - All repositories initialized
2025-11-24 12:08:59 - __main__ - INFO - Application initialization completed successfully
2025-11-24 12:15:06 - database.connection - DEBUG - Update executed: 
            INSERT INTO users (id, username, email)
            VALUES (?, ?, ?)
             with params: ('1e560801-f6e9-4dda-9b7b-d56970620cbc', 'Emil', 'emil@gmail.com')
2025-11-24 12:15:06 - repositories.base_repository - INFO - CREATE operation on User (ID: 1e560801-f6e9-4dda-9b7b-d56970620cbc)
2025-11-24 12:15:06 - repositories.user_repository - DEBUG - User created with ID: 1e560801-f6e9-4dda-9b7b-d56970620cbc, Username: Emil
2025-11-24 12:15:16 - database.connection - INFO - Database connection closed
2025-11-24 12:15:16 - __main__ - INFO - Application shutdown completed
