2025-11-29 18:09:19 - root - INFO - Logging initialized - Log file: C:\Users\smart\OneDrive\Desktop\OOP-music-playlist-manager\logs\app_2025-11-29_18-09-19.log
2025-11-29 18:09:19 - __main__ - INFO - ============================================================
2025-11-29 18:09:19 - __main__ - INFO - Initializing Music Playlist Manager Application
2025-11-29 18:09:19 - __main__ - INFO - ============================================================
2025-11-29 18:09:19 - database.connection - DEBUG - Creating new DatabaseConnection instance with db_path: c:\Users\smart\OneDrive\Desktop\OOP-music-playlist-manager\music_playlist.db
2025-11-29 18:09:19 - database.connection - INFO - Database connection established to c:\Users\smart\OneDrive\Desktop\OOP-music-playlist-manager\music_playlist.db
2025-11-29 18:09:19 - __main__ - INFO - Database connection established
2025-11-29 18:09:19 - __main__ - INFO - Application initialization completed successfully
2025-11-29 18:09:19 - repositories.base_repository - DEBUG - Initialized UserRepository for entity: User
2025-11-29 18:09:19 - repositories.user_repository - DEBUG - Initialized UserRepository
2025-11-29 18:09:19 - services.user_service - DEBUG - UserService initialized
2025-11-29 18:09:19 - repositories.base_repository - DEBUG - Initialized SongRepository for entity: Song
2025-11-29 18:09:19 - repositories.song_repository - DEBUG - Initialized SongRepository
2025-11-29 18:09:19 - services.song_service - DEBUG - SongService initialized
2025-11-29 18:09:19 - repositories.base_repository - DEBUG - Initialized PlaylistRepository for entity: Playlist
2025-11-29 18:09:19 - repositories.playlist_repository - DEBUG - Initialized PlaylistRepository
2025-11-29 18:09:19 - repositories.base_repository - DEBUG - Initialized SongRepository for entity: Song
2025-11-29 18:09:19 - repositories.song_repository - DEBUG - Initialized SongRepository
2025-11-29 18:09:19 - repositories.base_repository - DEBUG - Initialized UserRepository for entity: User
2025-11-29 18:09:19 - repositories.user_repository - DEBUG - Initialized UserRepository
2025-11-29 18:09:19 - services.playlist_service - DEBUG - PlaylistService initialized
2025-11-29 18:09:19 - controllers.cli_controller - INFO - CLIController initialized
2025-11-29 18:09:35 - services.user_service - DEBUG - Getting all users
2025-11-29 18:09:35 - database.connection - DEBUG - Query executed: SELECT id, username, email FROM users ORDER BY created_at DESC with params: ()
2025-11-29 18:09:35 - repositories.user_repository - INFO - Retrieved 2 users from database
2025-11-29 18:10:07 - services.user_service - INFO - Updating user: ID=a0d4a09d-d171-40a9-8efb-821dd13a246c
2025-11-29 18:10:07 - services.user_service - DEBUG - Getting user by ID: a0d4a09d-d171-40a9-8efb-821dd13a246c
2025-11-29 18:10:07 - database.connection - DEBUG - Query executed: SELECT id, username, email FROM users WHERE id = ? with params: ('a0d4a09d-d171-40a9-8efb-821dd13a246c',)
2025-11-29 18:10:07 - repositories.base_repository - INFO - READ operation on User (ID: a0d4a09d-d171-40a9-8efb-821dd13a246c)
2025-11-29 18:10:07 - exceptions.custom_exceptions - DEBUG - ValidationError: Validation failed for 'username': can only contain letters, numbers, underscores, and hyphens
2025-11-29 18:12:09 - services.user_service - DEBUG - Getting all users
2025-11-29 18:12:09 - database.connection - DEBUG - Query executed: SELECT id, username, email FROM users ORDER BY created_at DESC with params: ()
2025-11-29 18:12:09 - repositories.user_repository - INFO - Retrieved 2 users from database
2025-11-29 18:12:38 - services.user_service - INFO - Updating user: ID=a0d4a09d-d171-40a9-8efb-821dd13a246c
2025-11-29 18:12:38 - services.user_service - DEBUG - Getting user by ID: a0d4a09d-d171-40a9-8efb-821dd13a246c
2025-11-29 18:12:38 - database.connection - DEBUG - Query executed: SELECT id, username, email FROM users WHERE id = ? with params: ('a0d4a09d-d171-40a9-8efb-821dd13a246c',)
2025-11-29 18:12:38 - repositories.base_repository - INFO - READ operation on User (ID: a0d4a09d-d171-40a9-8efb-821dd13a246c)
2025-11-29 18:12:38 - database.connection - DEBUG - Query executed: SELECT id, username, email FROM users WHERE username = ? with params: ('Emil123',)
2025-11-29 18:12:38 - repositories.user_repository - DEBUG - No user found with username: Emil123
2025-11-29 18:12:38 - database.connection - DEBUG - Query executed: SELECT id, username, email FROM users WHERE email = ? with params: ('emil123@gmail.com',)
2025-11-29 18:12:38 - repositories.user_repository - DEBUG - No user found with email: emil123@gmail.com
2025-11-29 18:12:38 - database.connection - DEBUG - Query executed: SELECT COUNT(*) FROM users WHERE id = ? with params: ('a0d4a09d-d171-40a9-8efb-821dd13a246c',)
2025-11-29 18:12:38 - repositories.user_repository - DEBUG - User with ID a0d4a09d-d171-40a9-8efb-821dd13a246c exists
2025-11-29 18:12:38 - database.connection - DEBUG - Update executed: 
            UPDATE users 
            SET username = ?, email = ?
            WHERE id = ?
             with params: ('Emil123', 'emil123@gmail.com', 'a0d4a09d-d171-40a9-8efb-821dd13a246c')
2025-11-29 18:12:38 - repositories.base_repository - INFO - UPDATE operation on User (ID: a0d4a09d-d171-40a9-8efb-821dd13a246c)
2025-11-29 18:12:38 - repositories.user_repository - INFO - User updated: ID=a0d4a09d-d171-40a9-8efb-821dd13a246c, Username=Emil123
2025-11-29 18:12:38 - services.user_service - INFO - User updated successfully: ID=a0d4a09d-d171-40a9-8efb-821dd13a246c
2025-11-29 18:13:01 - services.user_service - DEBUG - Getting all users
2025-11-29 18:13:01 - database.connection - DEBUG - Query executed: SELECT id, username, email FROM users ORDER BY created_at DESC with params: ()
2025-11-29 18:13:01 - repositories.user_repository - INFO - Retrieved 2 users from database
